# JRE version: Java(TM) SE Runtime Environment (8.0_201-b09) (build 1.8.0_201-b09)
# Java VM: Java HotSpot(TM) 64-Bit Server VM (25.201-b09 mixed mode windows-amd64 compressed oops)
Heap:
 PSYoungGen      total 205312K, used 14348K [0x000000076ae00000, 0x000000077b200000, 0x00000007c0000000)
  eden space 190464K, 7% used [0x000000076ae00000,0x000000076bc03188,0x0000000776800000)
  from space 14848K, 0% used [0x0000000776800000,0x0000000776800000,0x0000000777680000)
  to   space 14336K, 0% used [0x000000077a400000,0x000000077a400000,0x000000077b200000)
 ParOldGen       total 226304K, used 18332K [0x00000006c0a00000, 0x00000006ce700000, 0x000000076ae00000)
  object space 226304K, 8% used [0x00000006c0a00000,0x00000006c1be7070,0x00000006ce700000)
 Metaspace       used 57487K, capacity 60373K, committed 60672K, reserved 1101824K
  class space    used 7862K, capacity 8323K, committed 8448K, reserved 1048576K
GC Heap History (10 events):
Event: 3.880 GC heap before
{Heap before GC invocations=8 (full 2):
 PSYoungGen      total 139776K, used 7393K [0x000000076ae00000, 0x0000000777c80000, 0x00000007c0000000)
  eden space 129536K, 0% used [0x000000076ae00000,0x000000076ae00000,0x0000000772c80000)
  from space 10240K, 72% used [0x0000000773680000,0x0000000773db87d0,0x0000000774080000)
  to   space 10240K, 0% used [0x0000000772c80000,0x0000000772c80000,0x0000000773680000)
 ParOldGen       total 110592K, used 7686K [0x00000006c0a00000, 0x00000006c7600000, 0x000000076ae00000)
  object space 110592K, 6% used [0x00000006c0a00000,0x00000006c1181940,0x00000006c7600000)
 Metaspace       used 33598K, capacity 35359K, committed 35496K, reserved 1081344K
  class space    used 4255K, capacity 4554K, committed 4608K, reserved 1048576K
Event: 3.907 GC heap after
Heap after GC invocations=8 (full 2):
 PSYoungGen      total 139776K, used 0K [0x000000076ae00000, 0x0000000777c80000, 0x00000007c0000000)
  eden space 129536K, 0% used [0x000000076ae00000,0x000000076ae00000,0x0000000772c80000)
  from space 10240K, 0% used [0x0000000773680000,0x0000000773680000,0x0000000774080000)
  to   space 10240K, 0% used [0x0000000772c80000,0x0000000772c80000,0x0000000773680000)
 ParOldGen       total 166400K, used 12756K [0x00000006c0a00000, 0x00000006cac80000, 0x000000076ae00000)
  object space 166400K, 7% used [0x00000006c0a00000,0x00000006c1675318,0x00000006cac80000)
 Metaspace       used 33598K, capacity 35359K, committed 35496K, reserved 1081344K
  class space    used 4255K, capacity 4554K, committed 4608K, reserved 1048576K
}
Event: 4.651 GC heap before
{Heap before GC invocations=9 (full 2):
 PSYoungGen      total 139776K, used 129536K [0x000000076ae00000, 0x0000000777c80000, 0x00000007c0000000)
  eden space 129536K, 100% used [0x000000076ae00000,0x0000000772c80000,0x0000000772c80000)
  from space 10240K, 0% used [0x0000000773680000,0x0000000773680000,0x0000000774080000)
  to   space 10240K, 0% used [0x0000000772c80000,0x0000000772c80000,0x0000000773680000)
 ParOldGen       total 166400K, used 12756K [0x00000006c0a00000, 0x00000006cac80000, 0x000000076ae00000)
  object space 166400K, 7% used [0x00000006c0a00000,0x00000006c1675318,0x00000006cac80000)
 Metaspace       used 43749K, capacity 45889K, committed 46208K, reserved 1089536K
  class space    used 5836K, capacity 6201K, committed 6272K, reserved 1048576K
Event: 4.659 GC heap after
Heap after GC invocations=9 (full 2):
 PSYoungGen      total 139776K, used 10221K [0x000000076ae00000, 0x0000000778280000, 0x00000007c0000000)
  eden space 129536K, 0% used [0x000000076ae00000,0x000000076ae00000,0x0000000772c80000)
  from space 10240K, 99% used [0x0000000772c80000,0x000000077367b640,0x0000000773680000)
  to   space 12288K, 0% used [0x0000000777680000,0x0000000777680000,0x0000000778280000)
 ParOldGen       total 166400K, used 15496K [0x00000006c0a00000, 0x00000006cac80000, 0x000000076ae00000)
  object space 166400K, 9% used [0x00000006c0a00000,0x00000006c1922038,0x00000006cac80000)
 Metaspace       used 43749K, capacity 45889K, committed 46208K, reserved 1089536K
  class space    used 5836K, capacity 6201K, committed 6272K, reserved 1048576K
}
Event: 5.798 GC heap before
{Heap before GC invocations=10 (full 2):
 PSYoungGen      total 139776K, used 139757K [0x000000076ae00000, 0x0000000778280000, 0x00000007c0000000)
  eden space 129536K, 100% used [0x000000076ae00000,0x0000000772c80000,0x0000000772c80000)
  from space 10240K, 99% used [0x0000000772c80000,0x000000077367b640,0x0000000773680000)
  to   space 12288K, 0% used [0x0000000777680000,0x0000000777680000,0x0000000778280000)
 ParOldGen       total 166400K, used 15496K [0x00000006c0a00000, 0x00000006cac80000, 0x000000076ae00000)
  object space 166400K, 9% used [0x00000006c0a00000,0x00000006c1922038,0x00000006cac80000)
 Metaspace       used 54297K, capacity 57149K, committed 57472K, reserved 1099776K
  class space    used 7455K, capacity 7943K, committed 8064K, reserved 1048576K
Event: 5.809 GC heap after
Heap after GC invocations=10 (full 2):
 PSYoungGen      total 202752K, used 12287K [0x000000076ae00000, 0x0000000778580000, 0x00000007c0000000)
  eden space 190464K, 0% used [0x000000076ae00000,0x000000076ae00000,0x0000000776800000)
  from space 12288K, 99% used [0x0000000777680000,0x000000077827ffc8,0x0000000778280000)
  to   space 14848K, 0% used [0x0000000776800000,0x0000000776800000,0x0000000777680000)
 ParOldGen       total 166400K, used 18369K [0x00000006c0a00000, 0x00000006cac80000, 0x000000076ae00000)
  object space 166400K, 11% used [0x00000006c0a00000,0x00000006c1bf07e0,0x00000006cac80000)
 Metaspace       used 54297K, capacity 57149K, committed 57472K, reserved 1099776K
  class space    used 7455K, capacity 7943K, committed 8064K, reserved 1048576K
}
Event: 14.951 GC heap before
{Heap before GC invocations=11 (full 2):
 PSYoungGen      total 202752K, used 36329K [0x000000076ae00000, 0x0000000778580000, 0x00000007c0000000)
  eden space 190464K, 12% used [0x000000076ae00000,0x000000076c57a5f0,0x0000000776800000)
  from space 12288K, 99% used [0x0000000777680000,0x000000077827ffc8,0x0000000778280000)
  to   space 14848K, 0% used [0x0000000776800000,0x0000000776800000,0x0000000777680000)
 ParOldGen       total 166400K, used 18369K [0x00000006c0a00000, 0x00000006cac80000, 0x000000076ae00000)
  object space 166400K, 11% used [0x00000006c0a00000,0x00000006c1bf07e0,0x00000006cac80000)
 Metaspace       used 56299K, capacity 59131K, committed 59136K, reserved 1099776K
  class space    used 7720K, capacity 8190K, committed 8192K, reserved 1048576K
Event: 14.958 GC heap after
Heap after GC invocations=11 (full 2):
 PSYoungGen      total 205312K, used 8821K [0x000000076ae00000, 0x000000077b200000, 0x00000007c0000000)
  eden space 190464K, 0% used [0x000000076ae00000,0x000000076ae00000,0x0000000776800000)
  from space 14848K, 59% used [0x0000000776800000,0x000000077709d7b8,0x0000000777680000)
  to   space 14336K, 0% used [0x000000077a400000,0x000000077a400000,0x000000077b200000)
 ParOldGen       total 166400K, used 18377K [0x00000006c0a00000, 0x00000006cac80000, 0x000000076ae00000)
  object space 166400K, 11% used [0x00000006c0a00000,0x00000006c1bf27e0,0x00000006cac80000)
 Metaspace       used 56299K, capacity 59131K, committed 59136K, reserved 1099776K
  class space    used 7720K, capacity 8190K, committed 8192K, reserved 1048576K
}
Event: 14.958 GC heap before
{Heap before GC invocations=12 (full 3):
 PSYoungGen      total 205312K, used 8821K [0x000000076ae00000, 0x000000077b200000, 0x00000007c0000000)
  eden space 190464K, 0% used [0x000000076ae00000,0x000000076ae00000,0x0000000776800000)
  from space 14848K, 59% used [0x0000000776800000,0x000000077709d7b8,0x0000000777680000)
  to   space 14336K, 0% used [0x000000077a400000,0x000000077a400000,0x000000077b200000)
 ParOldGen       total 166400K, used 18377K [0x00000006c0a00000, 0x00000006cac80000, 0x000000076ae00000)
  object space 166400K, 11% used [0x00000006c0a00000,0x00000006c1bf27e0,0x00000006cac80000)
 Metaspace       used 56299K, capacity 59131K, committed 59136K, reserved 1099776K
  class space    used 7720K, capacity 8190K, committed 8192K, reserved 1048576K
Event: 15.054 GC heap after
Heap after GC invocations=12 (full 3):
 PSYoungGen      total 205312K, used 0K [0x000000076ae00000, 0x000000077b200000, 0x00000007c0000000)
  eden space 190464K, 0% used [0x000000076ae00000,0x000000076ae00000,0x0000000776800000)
  from space 14848K, 0% used [0x0000000776800000,0x0000000776800000,0x0000000777680000)
  to   space 14336K, 0% used [0x000000077a400000,0x000000077a400000,0x000000077b200000)
 ParOldGen       total 226304K, used 18332K [0x00000006c0a00000, 0x00000006ce700000, 0x000000076ae00000)
  object space 226304K, 8% used [0x00000006c0a00000,0x00000006c1be7070,0x00000006ce700000)
 Metaspace       used 56299K, capacity 59131K, committed 59136K, reserved 1099776K
  class space    used 7720K, capacity 8190K, committed 8192K, reserved 1048576K
}

