# JRE version: Java(TM) SE Runtime Environment (8.0_201-b09) (build 1.8.0_201-b09)
# Java VM: Java HotSpot(TM) 64-Bit Server VM (25.201-b09 mixed mode windows-amd64 compressed oops)
Heap:
 PSYoungGen      total 209920K, used 17749K [0x000000076ae00000, 0x000000077b780000, 0x00000007c0000000)
  eden space 194560K, 9% used [0x000000076ae00000,0x000000076bf555e0,0x0000000776c00000)
  from space 15360K, 0% used [0x0000000776c00000,0x0000000776c00000,0x0000000777b00000)
  to   space 14848K, 0% used [0x000000077a900000,0x000000077a900000,0x000000077b780000)
 ParOldGen       total 220160K, used 18080K [0x00000006c0a00000, 0x00000006ce100000, 0x000000076ae00000)
  object space 220160K, 8% used [0x00000006c0a00000,0x00000006c1ba8380,0x00000006ce100000)
 Metaspace       used 57526K, capacity 60425K, committed 60672K, reserved 1101824K
  class space    used 7906K, capacity 8383K, committed 8448K, reserved 1048576K
GC Heap History (10 events):
Event: 3.698 GC heap before
{Heap before GC invocations=8 (full 2):
 PSYoungGen      total 142848K, used 7093K [0x000000076ae00000, 0x0000000778100000, 0x00000007c0000000)
  eden space 132608K, 0% used [0x000000076ae00000,0x000000076ae00000,0x0000000772f80000)
  from space 10240K, 69% used [0x0000000773a00000,0x00000007740ed760,0x0000000774400000)
  to   space 10752K, 0% used [0x0000000772f80000,0x0000000772f80000,0x0000000773a00000)
 ParOldGen       total 109568K, used 7692K [0x00000006c0a00000, 0x00000006c7500000, 0x000000076ae00000)
  object space 109568K, 7% used [0x00000006c0a00000,0x00000006c1183078,0x00000006c7500000)
 Metaspace       used 33590K, capacity 35363K, committed 35496K, reserved 1081344K
  class space    used 4254K, capacity 4554K, committed 4608K, reserved 1048576K
Event: 3.735 GC heap after
Heap after GC invocations=8 (full 2):
 PSYoungGen      total 142848K, used 0K [0x000000076ae00000, 0x0000000778100000, 0x00000007c0000000)
  eden space 132608K, 0% used [0x000000076ae00000,0x000000076ae00000,0x0000000772f80000)
  from space 10240K, 0% used [0x0000000773a00000,0x0000000773a00000,0x0000000774400000)
  to   space 10752K, 0% used [0x0000000772f80000,0x0000000772f80000,0x0000000773a00000)
 ParOldGen       total 164864K, used 12488K [0x00000006c0a00000, 0x00000006cab00000, 0x000000076ae00000)
  object space 164864K, 7% used [0x00000006c0a00000,0x00000006c16320d0,0x00000006cab00000)
 Metaspace       used 33590K, capacity 35363K, committed 35496K, reserved 1081344K
  class space    used 4254K, capacity 4554K, committed 4608K, reserved 1048576K
}
Event: 4.518 GC heap before
{Heap before GC invocations=9 (full 2):
 PSYoungGen      total 142848K, used 132608K [0x000000076ae00000, 0x0000000778100000, 0x00000007c0000000)
  eden space 132608K, 100% used [0x000000076ae00000,0x0000000772f80000,0x0000000772f80000)
  from space 10240K, 0% used [0x0000000773a00000,0x0000000773a00000,0x0000000774400000)
  to   space 10752K, 0% used [0x0000000772f80000,0x0000000772f80000,0x0000000773a00000)
 ParOldGen       total 164864K, used 12488K [0x00000006c0a00000, 0x00000006cab00000, 0x000000076ae00000)
  object space 164864K, 7% used [0x00000006c0a00000,0x00000006c16320d0,0x00000006cab00000)
 Metaspace       used 43911K, capacity 46061K, committed 46208K, reserved 1089536K
  class space    used 5867K, capacity 6235K, committed 6272K, reserved 1048576K
Event: 4.528 GC heap after
Heap after GC invocations=9 (full 2):
 PSYoungGen      total 143360K, used 10733K [0x000000076ae00000, 0x0000000778780000, 0x00000007c0000000)
  eden space 132608K, 0% used [0x000000076ae00000,0x000000076ae00000,0x0000000772f80000)
  from space 10752K, 99% used [0x0000000772f80000,0x00000007739fb548,0x0000000773a00000)
  to   space 12800K, 0% used [0x0000000777b00000,0x0000000777b00000,0x0000000778780000)
 ParOldGen       total 164864K, used 15002K [0x00000006c0a00000, 0x00000006cab00000, 0x000000076ae00000)
  object space 164864K, 9% used [0x00000006c0a00000,0x00000006c18a6a98,0x00000006cab00000)
 Metaspace       used 43911K, capacity 46061K, committed 46208K, reserved 1089536K
  class space    used 5867K, capacity 6235K, committed 6272K, reserved 1048576K
}
Event: 5.712 GC heap before
{Heap before GC invocations=10 (full 2):
 PSYoungGen      total 143360K, used 143341K [0x000000076ae00000, 0x0000000778780000, 0x00000007c0000000)
  eden space 132608K, 100% used [0x000000076ae00000,0x0000000772f80000,0x0000000772f80000)
  from space 10752K, 99% used [0x0000000772f80000,0x00000007739fb548,0x0000000773a00000)
  to   space 12800K, 0% used [0x0000000777b00000,0x0000000777b00000,0x0000000778780000)
 ParOldGen       total 164864K, used 15002K [0x00000006c0a00000, 0x00000006cab00000, 0x000000076ae00000)
  object space 164864K, 9% used [0x00000006c0a00000,0x00000006c18a6a98,0x00000006cab00000)
 Metaspace       used 54699K, capacity 57565K, committed 57728K, reserved 1099776K
  class space    used 7514K, capacity 7989K, committed 8064K, reserved 1048576K
Event: 5.727 GC heap after
Heap after GC invocations=10 (full 2):
 PSYoungGen      total 207360K, used 12774K [0x000000076ae00000, 0x0000000778b80000, 0x00000007c0000000)
  eden space 194560K, 0% used [0x000000076ae00000,0x000000076ae00000,0x0000000776c00000)
  from space 12800K, 99% used [0x0000000777b00000,0x0000000778779bb8,0x0000000778780000)
  to   space 15360K, 0% used [0x0000000776c00000,0x0000000776c00000,0x0000000777b00000)
 ParOldGen       total 164864K, used 17613K [0x00000006c0a00000, 0x00000006cab00000, 0x000000076ae00000)
  object space 164864K, 10% used [0x00000006c0a00000,0x00000006c1b337b0,0x00000006cab00000)
 Metaspace       used 54699K, capacity 57565K, committed 57728K, reserved 1099776K
  class space    used 7514K, capacity 7989K, committed 8064K, reserved 1048576K
}
Event: 35.619 GC heap before
{Heap before GC invocations=11 (full 2):
 PSYoungGen      total 207360K, used 30347K [0x000000076ae00000, 0x0000000778b80000, 0x00000007c0000000)
  eden space 194560K, 9% used [0x000000076ae00000,0x000000076bf290a8,0x0000000776c00000)
  from space 12800K, 99% used [0x0000000777b00000,0x0000000778779bb8,0x0000000778780000)
  to   space 15360K, 0% used [0x0000000776c00000,0x0000000776c00000,0x0000000777b00000)
 ParOldGen       total 164864K, used 17613K [0x00000006c0a00000, 0x00000006cab00000, 0x000000076ae00000)
  object space 164864K, 10% used [0x00000006c0a00000,0x00000006c1b337b0,0x00000006cab00000)
 Metaspace       used 56185K, capacity 59049K, committed 59136K, reserved 1099776K
  class space    used 7690K, capacity 8159K, committed 8192K, reserved 1048576K
Event: 35.626 GC heap after
Heap after GC invocations=11 (full 2):
 PSYoungGen      total 209920K, used 8469K [0x000000076ae00000, 0x000000077b780000, 0x00000007c0000000)
  eden space 194560K, 0% used [0x000000076ae00000,0x000000076ae00000,0x0000000776c00000)
  from space 15360K, 55% used [0x0000000776c00000,0x0000000777445428,0x0000000777b00000)
  to   space 14848K, 0% used [0x000000077a900000,0x000000077a900000,0x000000077b780000)
 ParOldGen       total 164864K, used 17621K [0x00000006c0a00000, 0x00000006cab00000, 0x000000076ae00000)
  object space 164864K, 10% used [0x00000006c0a00000,0x00000006c1b357b0,0x00000006cab00000)
 Metaspace       used 56185K, capacity 59049K, committed 59136K, reserved 1099776K
  class space    used 7690K, capacity 8159K, committed 8192K, reserved 1048576K
}
Event: 35.626 GC heap before
{Heap before GC invocations=12 (full 3):
 PSYoungGen      total 209920K, used 8469K [0x000000076ae00000, 0x000000077b780000, 0x00000007c0000000)
  eden space 194560K, 0% used [0x000000076ae00000,0x000000076ae00000,0x0000000776c00000)
  from space 15360K, 55% used [0x0000000776c00000,0x0000000777445428,0x0000000777b00000)
  to   space 14848K, 0% used [0x000000077a900000,0x000000077a900000,0x000000077b780000)
 ParOldGen       total 164864K, used 17621K [0x00000006c0a00000, 0x00000006cab00000, 0x000000076ae00000)
  object space 164864K, 10% used [0x00000006c0a00000,0x00000006c1b357b0,0x00000006cab00000)
 Metaspace       used 56185K, capacity 59049K, committed 59136K, reserved 1099776K
  class space    used 7690K, capacity 8159K, committed 8192K, reserved 1048576K
Event: 35.725 GC heap after
Heap after GC invocations=12 (full 3):
 PSYoungGen      total 209920K, used 0K [0x000000076ae00000, 0x000000077b780000, 0x00000007c0000000)
  eden space 194560K, 0% used [0x000000076ae00000,0x000000076ae00000,0x0000000776c00000)
  from space 15360K, 0% used [0x0000000776c00000,0x0000000776c00000,0x0000000777b00000)
  to   space 14848K, 0% used [0x000000077a900000,0x000000077a900000,0x000000077b780000)
 ParOldGen       total 220160K, used 18080K [0x00000006c0a00000, 0x00000006ce100000, 0x000000076ae00000)
  object space 220160K, 8% used [0x00000006c0a00000,0x00000006c1ba8380,0x00000006ce100000)
 Metaspace       used 56185K, capacity 59049K, committed 59136K, reserved 1099776K
  class space    used 7690K, capacity 8159K, committed 8192K, reserved 1048576K
}

